<?xml version="1.0" encoding="UTF-8" standalone="yes"?><!DOCTYPE report PUBLIC "-//JACOCO//DTD Report 1.1//EN" "report.dtd"><report name="labo2"><sessioninfo id="DESKTOP-RGO3UNU-8fc99679" start="1756569199417" dump="1756569202418"/><sessioninfo id="DESKTOP-RGO3UNU-5074c0c1" start="1756569211194" dump="1756569213923"/><sessioninfo id="DESKTOP-RGO3UNU-7c33fa68" start="1756569666243" dump="1756569668569"/><sessioninfo id="DESKTOP-RGO3UNU-8047f566" start="1756575115984" dump="1756575118552"/><sessioninfo id="DESKTOP-RGO3UNU-3dfc214a" start="1756575152783" dump="1756575154925"/><sessioninfo id="DESKTOP-RGO3UNU-8282af14" start="1756575189128" dump="1756575190990"/><sessioninfo id="DESKTOP-RGO3UNU-32b1faea" start="1756575473065" dump="1756575475394"/><sessioninfo id="DESKTOP-RGO3UNU-6323da64" start="1756575517740" dump="1756575520261"/><sessioninfo id="DESKTOP-RGO3UNU-4b159288" start="1756575638037" dump="1756575640620"/><sessioninfo id="DESKTOP-RGO3UNU-4ffc74df" start="1756575904091" dump="1756575906481"/><sessioninfo id="DESKTOP-RGO3UNU-7ba547a7" start="1756575951138" dump="1756575953402"/><sessioninfo id="DESKTOP-RGO3UNU-d5b5a3be" start="1756576072192" dump="1756576074394"/><sessioninfo id="DESKTOP-RGO3UNU-336b6359" start="1756576731128" dump="1756576733402"/><sessioninfo id="DESKTOP-RGO3UNU-874164be" start="1756576858517" dump="1756576860572"/><sessioninfo id="DESKTOP-RGO3UNU-9de9b4ff" start="1756577518527" dump="1756577520775"/><sessioninfo id="DESKTOP-RGO3UNU-8abb1155" start="1756577684767" dump="1756577687385"/><sessioninfo id="DESKTOP-RGO3UNU-1b58cf3d" start="1756578304089" dump="1756578306221"/><sessioninfo id="DESKTOP-RGO3UNU-df2580f7" start="1756579759369" dump="1756579761851"/><sessioninfo id="DESKTOP-RGO3UNU-91e85bab" start="1756579808229" dump="1756579810903"/><sessioninfo id="DESKTOP-RGO3UNU-def19b76" start="1756579878780" dump="1756579881054"/><sessioninfo id="DESKTOP-RGO3UNU-a3c47bc" start="1756579887666" dump="1756579890196"/><sessioninfo id="DESKTOP-RGO3UNU-fca94175" start="1756580059860" dump="1756580062113"/><sessioninfo id="DESKTOP-RGO3UNU-893756f1" start="1756580167946" dump="1756580170671"/><sessioninfo id="DESKTOP-RGO3UNU-6a818fd0" start="1756580304787" dump="1756580307102"/><sessioninfo id="DESKTOP-RGO3UNU-51c8fb0d" start="1756581514710" dump="1756581519535"/><sessioninfo id="DESKTOP-RGO3UNU-f56f3d77" start="1756581644533" dump="1756581646834"/><sessioninfo id="DESKTOP-RGO3UNU-aad9fcd0" start="1756581867669" dump="1756581870247"/><sessioninfo id="DESKTOP-RGO3UNU-6e2525ca" start="1756582079324" dump="1756582081597"/><sessioninfo id="DESKTOP-RGO3UNU-d36cfab" start="1756583212026" dump="1756583215018"/><sessioninfo id="DESKTOP-RGO3UNU-9b87616" start="1756584471423" dump="1756584473902"/><sessioninfo id="DESKTOP-RGO3UNU-7f030ec1" start="1756584506084" dump="1756584508204"/><sessioninfo id="DESKTOP-RGO3UNU-1dcbb543" start="1756585256077" dump="1756585259021"/><sessioninfo id="DESKTOP-RGO3UNU-bf7a41a8" start="1756585279994" dump="1756585283244"/><sessioninfo id="DESKTOP-RGO3UNU-213acc49" start="1756586130265" dump="1756586133351"/><sessioninfo id="DESKTOP-RGO3UNU-246e60cc" start="1756586188648" dump="1756586192210"/><sessioninfo id="DESKTOP-RGO3UNU-127eafa5" start="1756586253035" dump="1756586255777"/><sessioninfo id="DESKTOP-RGO3UNU-2d8bd78c" start="1756586286342" dump="1756586288979"/><sessioninfo id="DESKTOP-RGO3UNU-6e189955" start="1756586307219" dump="1756586310703"/><sessioninfo id="DESKTOP-RGO3UNU-5b74866e" start="1756647965934" dump="1756647969435"/><sessioninfo id="DESKTOP-RGO3UNU-1a15cd7a" start="1756648447089" dump="1756648449789"/><sessioninfo id="DESKTOP-RGO3UNU-6a7e4d11" start="1756648500266" dump="1756648502436"/><sessioninfo id="DESKTOP-RGO3UNU-bf1a29b5" start="1756649002026" dump="1756649004397"/><sessioninfo id="DESKTOP-RGO3UNU-42980bea" start="1756649237600" dump="1756649240819"/><sessioninfo id="DESKTOP-RGO3UNU-a8215b01" start="1756649301605" dump="1756649304379"/><sessioninfo id="DESKTOP-RGO3UNU-e469e311" start="1756650155080" dump="1756650158076"/><sessioninfo id="DESKTOP-RGO3UNU-4d890052" start="1756650206577" dump="1756650209554"/><sessioninfo id="DESKTOP-RGO3UNU-6ee384d8" start="1756656207812" dump="1756656210606"/><sessioninfo id="DESKTOP-RGO3UNU-7b0b3c3f" start="1756656919306" dump="1756656922196"/><sessioninfo id="DESKTOP-RGO3UNU-23984b19" start="1756657012516" dump="1756657015725"/><sessioninfo id="DESKTOP-RGO3UNU-53e25354" start="1757016230365" dump="1757016234130"/><sessioninfo id="DESKTOP-RGO3UNU-20380795" start="1757016461391" dump="1757016463902"/><sessioninfo id="DESKTOP-RGO3UNU-e93a53eb" start="1757016972820" dump="1757016975395"/><sessioninfo id="DESKTOP-RGO3UNU-a137fc3d" start="1757017101143" dump="1757017103475"/><sessioninfo id="DESKTOP-RGO3UNU-f8bca6a8" start="1757017111144" dump="1757017113510"/><sessioninfo id="DESKTOP-RGO3UNU-4319584a" start="1757017905620" dump="1757017907715"/><sessioninfo id="DESKTOP-RGO3UNU-e0a1c308" start="1757018088101" dump="1757018090922"/><sessioninfo id="DESKTOP-RGO3UNU-38c2d3bb" start="1757018098095" dump="1757018100509"/><sessioninfo id="DESKTOP-RGO3UNU-f67606c8" start="1757018315811" dump="1757018318109"/><sessioninfo id="DESKTOP-RGO3UNU-6c15cdf7" start="1757018375066" dump="1757018376899"/><sessioninfo id="DESKTOP-RGO3UNU-f4b591b1" start="1757018385306" dump="1757018387381"/><sessioninfo id="DESKTOP-RGO3UNU-3b818220" start="1757018553941" dump="1757018556094"/><sessioninfo id="DESKTOP-RGO3UNU-ed4b5c9d" start="1757018565169" dump="1757018567021"/><package name="aed"><class name="aed/Horario" sourcefilename="Horario.java"><method name="&lt;init&gt;" desc="(II)V" line="7"><counter type="INSTRUCTION" missed="0" covered="9"/><counter type="LINE" missed="0" covered="4"/><counter type="COMPLEXITY" missed="0" covered="1"/><counter type="METHOD" missed="0" covered="1"/></method><method name="hora" desc="()I" line="13"><counter type="INSTRUCTION" missed="0" covered="3"/><counter type="LINE" missed="0" covered="1"/><counter type="COMPLEXITY" missed="0" covered="1"/><counter type="METHOD" missed="0" covered="1"/></method><method name="minutos" desc="()I" line="17"><counter type="INSTRUCTION" missed="0" covered="3"/><counter type="LINE" missed="0" covered="1"/><counter type="COMPLEXITY" missed="0" covered="1"/><counter type="METHOD" missed="0" covered="1"/></method><method name="toString" desc="()Ljava/lang/String;" line="22"><counter type="INSTRUCTION" missed="0" covered="13"/><counter type="LINE" missed="0" covered="1"/><counter type="COMPLEXITY" missed="0" covered="1"/><counter type="METHOD" missed="0" covered="1"/></method><method name="equals" desc="(Ljava/lang/Object;)Z" line="27"><counter type="INSTRUCTION" missed="0" covered="40"/><counter type="BRANCH" missed="0" covered="12"/><counter type="LINE" missed="0" covered="8"/><counter type="COMPLEXITY" missed="0" covered="7"/><counter type="METHOD" missed="0" covered="1"/></method><counter type="INSTRUCTION" missed="0" covered="68"/><counter type="BRANCH" missed="0" covered="12"/><counter type="LINE" missed="0" covered="15"/><counter type="COMPLEXITY" missed="0" covered="11"/><counter type="METHOD" missed="0" covered="5"/><counter type="CLASS" missed="0" covered="1"/></class><class name="aed/Recordatorio" sourcefilename="Recordatorio.java"><method name="&lt;init&gt;" desc="(Ljava/lang/String;Laed/Fecha;Laed/Horario;)V" line="8"><counter type="INSTRUCTION" missed="0" covered="15"/><counter type="LINE" missed="0" covered="5"/><counter type="COMPLEXITY" missed="0" covered="1"/><counter type="METHOD" missed="0" covered="1"/></method><method name="horario" desc="()Laed/Horario;" line="16"><counter type="INSTRUCTION" missed="0" covered="3"/><counter type="LINE" missed="0" covered="1"/><counter type="COMPLEXITY" missed="0" covered="1"/><counter type="METHOD" missed="0" covered="1"/></method><method name="fecha" desc="()Laed/Fecha;" line="20"><counter type="INSTRUCTION" missed="0" covered="8"/><counter type="LINE" missed="0" covered="2"/><counter type="COMPLEXITY" missed="0" covered="1"/><counter type="METHOD" missed="0" covered="1"/></method><method name="mensaje" desc="()Ljava/lang/String;" line="26"><counter type="INSTRUCTION" missed="0" covered="3"/><counter type="LINE" missed="0" covered="1"/><counter type="COMPLEXITY" missed="0" covered="1"/><counter type="METHOD" missed="0" covered="1"/></method><method name="toString" desc="()Ljava/lang/String;" line="31"><counter type="INSTRUCTION" missed="0" covered="18"/><counter type="LINE" missed="0" covered="1"/><counter type="COMPLEXITY" missed="0" covered="1"/><counter type="METHOD" missed="0" covered="1"/></method><method name="equals" desc="(Ljava/lang/Object;)Z" line="36"><counter type="INSTRUCTION" missed="9" covered="39"/><counter type="BRANCH" missed="7" covered="7"/><counter type="LINE" missed="2" covered="6"/><counter type="COMPLEXITY" missed="7" covered="1"/><counter type="METHOD" missed="0" covered="1"/></method><counter type="INSTRUCTION" missed="9" covered="86"/><counter type="BRANCH" missed="7" covered="7"/><counter type="LINE" missed="2" covered="16"/><counter type="COMPLEXITY" missed="7" covered="6"/><counter type="METHOD" missed="0" covered="6"/><counter type="CLASS" missed="0" covered="1"/></class><class name="aed/ArregloRedimensionableDeRecordatorios" sourcefilename="ArregloRedimensionableDeRecordatorios.java"><method name="&lt;init&gt;" desc="()V" line="7"><counter type="INSTRUCTION" missed="0" covered="7"/><counter type="LINE" missed="0" covered="3"/><counter type="COMPLEXITY" missed="0" covered="1"/><counter type="METHOD" missed="0" covered="1"/></method><method name="longitud" desc="()I" line="13"><counter type="INSTRUCTION" missed="0" covered="4"/><counter type="LINE" missed="0" covered="1"/><counter type="COMPLEXITY" missed="0" covered="1"/><counter type="METHOD" missed="0" covered="1"/></method><method name="agregarAtras" desc="(Laed/Recordatorio;)V" line="17"><counter type="INSTRUCTION" missed="0" covered="34"/><counter type="BRANCH" missed="0" covered="2"/><counter type="LINE" missed="0" covered="6"/><counter type="COMPLEXITY" missed="0" covered="2"/><counter type="METHOD" missed="0" covered="1"/></method><method name="obtener" desc="(I)Laed/Recordatorio;" line="26"><counter type="INSTRUCTION" missed="0" covered="5"/><counter type="LINE" missed="0" covered="1"/><counter type="COMPLEXITY" missed="0" covered="1"/><counter type="METHOD" missed="0" covered="1"/></method><method name="quitarAtras" desc="()V" line="30"><counter type="INSTRUCTION" missed="0" covered="29"/><counter type="BRANCH" missed="0" covered="2"/><counter type="LINE" missed="0" covered="5"/><counter type="COMPLEXITY" missed="0" covered="2"/><counter type="METHOD" missed="0" covered="1"/></method><method name="modificarPosicion" desc="(ILaed/Recordatorio;)V" line="38"><counter type="INSTRUCTION" missed="0" covered="6"/><counter type="LINE" missed="0" covered="2"/><counter type="COMPLEXITY" missed="0" covered="1"/><counter type="METHOD" missed="0" covered="1"/></method><method name="&lt;init&gt;" desc="(Laed/ArregloRedimensionableDeRecordatorios;)V" line="41"><counter type="INSTRUCTION" missed="0" covered="8"/><counter type="LINE" missed="0" covered="3"/><counter type="COMPLEXITY" missed="0" covered="1"/><counter type="METHOD" missed="0" covered="1"/></method><method name="copiar" desc="()Laed/ArregloRedimensionableDeRecordatorios;" line="48"><counter type="INSTRUCTION" missed="0" covered="19"/><counter type="BRANCH" missed="0" covered="2"/><counter type="LINE" missed="0" covered="4"/><counter type="COMPLEXITY" missed="0" covered="2"/><counter type="METHOD" missed="0" covered="1"/></method><counter type="INSTRUCTION" missed="0" covered="112"/><counter type="BRANCH" missed="0" covered="6"/><counter type="LINE" missed="0" covered="25"/><counter type="COMPLEXITY" missed="0" covered="11"/><counter type="METHOD" missed="0" covered="8"/><counter type="CLASS" missed="0" covered="1"/></class><class name="aed/Agenda" sourcefilename="Agenda.java"><method name="&lt;init&gt;" desc="(Laed/Fecha;)V" line="5"><counter type="INSTRUCTION" missed="0" covered="14"/><counter type="LINE" missed="0" covered="4"/><counter type="COMPLEXITY" missed="0" covered="1"/><counter type="METHOD" missed="0" covered="1"/></method><method name="agregarRecordatorio" desc="(Laed/Recordatorio;)V" line="12"><counter type="INSTRUCTION" missed="0" covered="5"/><counter type="LINE" missed="0" covered="2"/><counter type="COMPLEXITY" missed="0" covered="1"/><counter type="METHOD" missed="0" covered="1"/></method><method name="toString" desc="()Ljava/lang/String;" line="17"><counter type="INSTRUCTION" missed="0" covered="43"/><counter type="BRANCH" missed="0" covered="4"/><counter type="LINE" missed="0" covered="6"/><counter type="COMPLEXITY" missed="0" covered="3"/><counter type="METHOD" missed="0" covered="1"/></method><method name="incrementarDia" desc="()V" line="28"><counter type="INSTRUCTION" missed="0" covered="4"/><counter type="LINE" missed="0" covered="2"/><counter type="COMPLEXITY" missed="0" covered="1"/><counter type="METHOD" missed="0" covered="1"/></method><method name="fechaActual" desc="()Laed/Fecha;" line="32"><counter type="INSTRUCTION" missed="0" covered="6"/><counter type="LINE" missed="0" covered="1"/><counter type="COMPLEXITY" missed="0" covered="1"/><counter type="METHOD" missed="0" covered="1"/></method><counter type="INSTRUCTION" missed="0" covered="72"/><counter type="BRANCH" missed="0" covered="4"/><counter type="LINE" missed="0" covered="15"/><counter type="COMPLEXITY" missed="0" covered="7"/><counter type="METHOD" missed="0" covered="5"/><counter type="CLASS" missed="0" covered="1"/></class><class name="aed/Fecha" sourcefilename="Fecha.java"><method name="&lt;init&gt;" desc="(II)V" line="7"><counter type="INSTRUCTION" missed="0" covered="9"/><counter type="LINE" missed="0" covered="4"/><counter type="COMPLEXITY" missed="0" covered="1"/><counter type="METHOD" missed="0" covered="1"/></method><method name="&lt;init&gt;" desc="(Laed/Fecha;)V" line="13"><counter type="INSTRUCTION" missed="0" covered="11"/><counter type="LINE" missed="0" covered="4"/><counter type="COMPLEXITY" missed="0" covered="1"/><counter type="METHOD" missed="0" covered="1"/></method><method name="dia" desc="()Ljava/lang/Integer;" line="19"><counter type="INSTRUCTION" missed="0" covered="4"/><counter type="LINE" missed="0" covered="1"/><counter type="COMPLEXITY" missed="0" covered="1"/><counter type="METHOD" missed="0" covered="1"/></method><method name="mes" desc="()Ljava/lang/Integer;" line="23"><counter type="INSTRUCTION" missed="0" covered="4"/><counter type="LINE" missed="0" covered="1"/><counter type="COMPLEXITY" missed="0" covered="1"/><counter type="METHOD" missed="0" covered="1"/></method><method name="toString" desc="()Ljava/lang/String;" line="27"><counter type="INSTRUCTION" missed="0" covered="13"/><counter type="LINE" missed="0" covered="1"/><counter type="COMPLEXITY" missed="0" covered="1"/><counter type="METHOD" missed="0" covered="1"/></method><method name="equals" desc="(Ljava/lang/Object;)Z" line="32"><counter type="INSTRUCTION" missed="0" covered="40"/><counter type="BRANCH" missed="0" covered="12"/><counter type="LINE" missed="0" covered="8"/><counter type="COMPLEXITY" missed="0" covered="7"/><counter type="METHOD" missed="0" covered="1"/></method><method name="incrementarDia" desc="()V" line="46"><counter type="INSTRUCTION" missed="0" covered="43"/><counter type="BRANCH" missed="0" covered="6"/><counter type="LINE" missed="0" covered="9"/><counter type="COMPLEXITY" missed="0" covered="4"/><counter type="METHOD" missed="0" covered="1"/></method><method name="diasEnMes" desc="(I)I" line="59"><counter type="INSTRUCTION" missed="0" covered="57"/><counter type="LINE" missed="0" covered="2"/><counter type="COMPLEXITY" missed="0" covered="1"/><counter type="METHOD" missed="0" covered="1"/></method><counter type="INSTRUCTION" missed="0" covered="181"/><counter type="BRANCH" missed="0" covered="18"/><counter type="LINE" missed="0" covered="30"/><counter type="COMPLEXITY" missed="0" covered="17"/><counter type="METHOD" missed="0" covered="8"/><counter type="CLASS" missed="0" covered="1"/></class><sourcefile name="ArregloRedimensionableDeRecordatorios.java"><line nr="7" mi="0" ci="2" mb="0" cb="0"/><line nr="8" mi="0" ci="4" mb="0" cb="0"/><line nr="10" mi="0" ci="1" mb="0" cb="0"/><line nr="13" mi="0" ci="4" mb="0" cb="0"/><line nr="17" mi="0" ci="7" mb="0" cb="0"/><line nr="18" mi="0" ci="9" mb="0" cb="2"/><line nr="19" mi="0" ci="7" mb="0" cb="0"/><line nr="21" mi="0" ci="7" mb="0" cb="0"/><line nr="22" mi="0" ci="3" mb="0" cb="0"/><line nr="23" mi="0" ci="1" mb="0" cb="0"/><line nr="26" mi="0" ci="5" mb="0" cb="0"/><line nr="30" mi="0" ci="7" mb="0" cb="0"/><line nr="31" mi="0" ci="11" mb="0" cb="2"/><line nr="32" mi="0" ci="7" mb="0" cb="0"/><line nr="34" mi="0" ci="3" mb="0" cb="0"/><line nr="35" mi="0" ci="1" mb="0" cb="0"/><line nr="38" mi="0" ci="5" mb="0" cb="0"/><line nr="39" mi="0" ci="1" mb="0" cb="0"/><line nr="41" mi="0" ci="2" mb="0" cb="0"/><line nr="42" mi="0" ci="5" mb="0" cb="0"/><line nr="43" mi="0" ci="1" mb="0" cb="0"/><line nr="48" mi="0" ci="4" mb="0" cb="0"/><line nr="49" mi="0" ci="8" mb="0" cb="2"/><line nr="50" mi="0" ci="5" mb="0" cb="0"/><line nr="52" mi="0" ci="2" mb="0" cb="0"/><counter type="INSTRUCTION" missed="0" covered="112"/><counter type="BRANCH" missed="0" covered="6"/><counter type="LINE" missed="0" covered="25"/><counter type="COMPLEXITY" missed="0" covered="11"/><counter type="METHOD" missed="0" covered="8"/><counter type="CLASS" missed="0" covered="1"/></sourcefile><sourcefile name="Recordatorio.java"><line nr="8" mi="0" ci="2" mb="0" cb="0"/><line nr="9" mi="0" ci="3" mb="0" cb="0"/><line nr="10" mi="0" ci="6" mb="0" cb="0"/><line nr="11" mi="0" ci="3" mb="0" cb="0"/><line nr="13" mi="0" ci="1" mb="0" cb="0"/><line nr="16" mi="0" ci="3" mb="0" cb="0"/><line nr="20" mi="0" ci="6" mb="0" cb="0"/><line nr="21" mi="0" ci="2" mb="0" cb="0"/><line nr="26" mi="0" ci="3" mb="0" cb="0"/><line nr="31" mi="0" ci="18" mb="0" cb="0"/><line nr="36" mi="2" ci="4" mb="1" cb="1"/><line nr="37" mi="0" ci="2" mb="1" cb="1"/><line nr="38" mi="2" ci="0" mb="0" cb="0"/><line nr="40" mi="2" ci="7" mb="1" cb="1"/><line nr="41" mi="0" ci="2" mb="1" cb="1"/><line nr="42" mi="2" ci="0" mb="0" cb="0"/><line nr="44" mi="0" ci="3" mb="0" cb="0"/><line nr="45" mi="1" ci="21" mb="3" cb="3"/><counter type="INSTRUCTION" missed="9" covered="86"/><counter type="BRANCH" missed="7" covered="7"/><counter type="LINE" missed="2" covered="16"/><counter type="COMPLEXITY" missed="7" covered="6"/><counter type="METHOD" missed="0" covered="6"/><counter type="CLASS" missed="0" covered="1"/></sourcefile><sourcefile name="Agenda.java"><line nr="5" mi="0" ci="5" mb="0" cb="0"/><line nr="7" mi="0" ci="2" mb="0" cb="0"/><line nr="8" mi="0" ci="6" mb="0" cb="0"/><line nr="9" mi="0" ci="1" mb="0" cb="0"/><line nr="12" mi="0" ci="4" mb="0" cb="0"/><line nr="13" mi="0" ci="1" mb="0" cb="0"/><line nr="17" mi="0" ci="4" mb="0" cb="0"/><line nr="18" mi="0" ci="9" mb="0" cb="0"/><line nr="19" mi="0" ci="9" mb="0" cb="2"/><line nr="20" mi="0" ci="9" mb="0" cb="2"/><line nr="21" mi="0" ci="9" mb="0" cb="0"/><line nr="24" mi="0" ci="3" mb="0" cb="0"/><line nr="28" mi="0" ci="3" mb="0" cb="0"/><line nr="29" mi="0" ci="1" mb="0" cb="0"/><line nr="32" mi="0" ci="6" mb="0" cb="0"/><counter type="INSTRUCTION" missed="0" covered="72"/><counter type="BRANCH" missed="0" covered="4"/><counter type="LINE" missed="0" covered="15"/><counter type="COMPLEXITY" missed="0" covered="7"/><counter type="METHOD" missed="0" covered="5"/><counter type="CLASS" missed="0" covered="1"/></sourcefile><sourcefile name="Horario.java"><line nr="7" mi="0" ci="2" mb="0" cb="0"/><line nr="8" mi="0" ci="3" mb="0" cb="0"/><line nr="9" mi="0" ci="3" mb="0" cb="0"/><line nr="10" mi="0" ci="1" mb="0" cb="0"/><line nr="13" mi="0" ci="3" mb="0" cb="0"/><line nr="17" mi="0" ci="3" mb="0" cb="0"/><line nr="22" mi="0" ci="13" mb="0" cb="0"/><line nr="27" mi="0" ci="6" mb="0" cb="2"/><line nr="28" mi="0" ci="2" mb="0" cb="2"/><line nr="29" mi="0" ci="2" mb="0" cb="0"/><line nr="31" mi="0" ci="9" mb="0" cb="2"/><line nr="32" mi="0" ci="2" mb="0" cb="2"/><line nr="33" mi="0" ci="2" mb="0" cb="0"/><line nr="35" mi="0" ci="3" mb="0" cb="0"/><line nr="36" mi="0" ci="14" mb="0" cb="4"/><counter type="INSTRUCTION" missed="0" covered="68"/><counter type="BRANCH" missed="0" covered="12"/><counter type="LINE" missed="0" covered="15"/><counter type="COMPLEXITY" missed="0" covered="11"/><counter type="METHOD" missed="0" covered="5"/><counter type="CLASS" missed="0" covered="1"/></sourcefile><sourcefile name="Fecha.java"><line nr="7" mi="0" ci="2" mb="0" cb="0"/><line nr="8" mi="0" ci="3" mb="0" cb="0"/><line nr="9" mi="0" ci="3" mb="0" cb="0"/><line nr="11" mi="0" ci="1" mb="0" cb="0"/><line nr="13" mi="0" ci="2" mb="0" cb="0"/><line nr="14" mi="0" ci="4" mb="0" cb="0"/><line nr="15" mi="0" ci="4" mb="0" cb="0"/><line nr="16" mi="0" ci="1" mb="0" cb="0"/><line nr="19" mi="0" ci="4" mb="0" cb="0"/><line nr="23" mi="0" ci="4" mb="0" cb="0"/><line nr="27" mi="0" ci="13" mb="0" cb="0"/><line nr="32" mi="0" ci="6" mb="0" cb="2"/><line nr="33" mi="0" ci="2" mb="0" cb="2"/><line nr="34" mi="0" ci="2" mb="0" cb="0"/><line nr="36" mi="0" ci="9" mb="0" cb="2"/><line nr="37" mi="0" ci="2" mb="0" cb="2"/><line nr="38" mi="0" ci="2" mb="0" cb="0"/><line nr="40" mi="0" ci="3" mb="0" cb="0"/><line nr="41" mi="0" ci="14" mb="0" cb="4"/><line nr="46" mi="0" ci="11" mb="0" cb="4"/><line nr="47" mi="0" ci="3" mb="0" cb="0"/><line nr="48" mi="0" ci="7" mb="0" cb="0"/><line nr="49" mi="0" ci="4" mb="0" cb="2"/><line nr="50" mi="0" ci="3" mb="0" cb="0"/><line nr="51" mi="0" ci="4" mb="0" cb="0"/><line nr="53" mi="0" ci="6" mb="0" cb="0"/><line nr="54" mi="0" ci="4" mb="0" cb="0"/><line nr="56" mi="0" ci="1" mb="0" cb="0"/><line nr="59" mi="0" ci="51" mb="0" cb="0"/><line nr="65" mi="0" ci="6" mb="0" cb="0"/><counter type="INSTRUCTION" missed="0" covered="181"/><counter type="BRANCH" missed="0" covered="18"/><counter type="LINE" missed="0" covered="30"/><counter type="COMPLEXITY" missed="0" covered="17"/><counter type="METHOD" missed="0" covered="8"/><counter type="CLASS" missed="0" covered="1"/></sourcefile><counter type="INSTRUCTION" missed="9" covered="519"/><counter type="BRANCH" missed="7" covered="47"/><counter type="LINE" missed="2" covered="101"/><counter type="COMPLEXITY" missed="7" covered="52"/><counter type="METHOD" missed="0" covered="32"/><counter type="CLASS" missed="0" covered="5"/></package><counter type="INSTRUCTION" missed="9" covered="519"/><counter type="BRANCH" missed="7" covered="47"/><counter type="LINE" missed="2" covered="101"/><counter type="COMPLEXITY" missed="7" covered="52"/><counter type="METHOD" missed="0" covered="32"/><counter type="CLASS" missed="0" covered="5"/></report>